C:\LIGHTCAL\PROJECT\CMAKEFILES\GENERATE.STAMP
C:\LIGHTCAL\PROJECT\PSREMOTECONTROL.DIR\DEBUG\CALMANAGER.OBJ
C:\LightCal\Project\PsRemoteControl.dir\Debug\cl.command.1.tlog
C:\LightCal\Project\PsRemoteControl.dir\Debug\CL.read.1.tlog
C:\LightCal\Project\PsRemoteControl.dir\Debug\CL.write.1.tlog
C:\LightCal\Project\PsRemoteControl.dir\Debug\custombuild.command.1.tlog
C:\LightCal\Project\PsRemoteControl.dir\Debug\custombuild.read.1.tlog
C:\LightCal\Project\PsRemoteControl.dir\Debug\custombuild.write.1.tlog
C:\LIGHTCAL\PROJECT\PSREMOTECONTROL.DIR\DEBUG\FTDI.OBJ
C:\LightCal\Project\PsRemoteControl.dir\Debug\link.7724.read.1.tlog
C:\LightCal\Project\PsRemoteControl.dir\Debug\link.7724.write.1.tlog
C:\LightCal\Project\PsRemoteControl.dir\Debug\link.7724-cvtres.read.1.tlog
C:\LightCal\Project\PsRemoteControl.dir\Debug\link.7724-cvtres.write.1.tlog
C:\LightCal\Project\PsRemoteControl.dir\Debug\link.command.1.tlog
C:\LightCal\Project\PsRemoteControl.dir\Debug\link.read.1.tlog
C:\LightCal\Project\PsRemoteControl.dir\Debug\link.write.1.tlog
C:\LightCal\Project\PsRemoteControl.dir\Debug\link-cvtres.read.1.tlog
C:\LightCal\Project\PsRemoteControl.dir\Debug\link-cvtres.write.1.tlog
C:\LIGHTCAL\PROJECT\PSREMOTECONTROL.DIR\DEBUG\MAIN.OBJ
C:\LIGHTCAL\PROJECT\PSREMOTECONTROL.DIR\DEBUG\MOC_COMPILATION.OBJ
C:\LightCal\Project\PsRemoteControl.dir\Debug\mt.command.1.tlog
C:\LightCal\Project\PsRemoteControl.dir\Debug\mt.read.1.tlog
C:\LightCal\Project\PsRemoteControl.dir\Debug\mt.write.1.tlog
C:\LIGHTCAL\PROJECT\PSREMOTECONTROL.DIR\DEBUG\OVPTEST.OBJ
C:\LIGHTCAL\PROJECT\PSREMOTECONTROL.DIR\DEBUG\PSRECEIVEPARSE.OBJ
C:\LIGHTCAL\PROJECT\PSREMOTECONTROL.DIR\DEBUG\PSREMOTECONTROL.EXE.EMBED.MANIFEST
C:\LIGHTCAL\PROJECT\PSREMOTECONTROL.DIR\DEBUG\PSREMOTECONTROL.EXE.EMBED.MANIFEST.RES
C:\LIGHTCAL\PROJECT\PSREMOTECONTROL.DIR\DEBUG\PSREMOTECONTROL.EXE.INTERMEDIATE.MANIFEST
C:\LIGHTCAL\PROJECT\PSREMOTECONTROL.DIR\DEBUG\PSREMOTECONTROL.OBJ
C:\LightCal\Project\PsRemoteControl.dir\Debug\PsRemoteControl.vcxprojResolveAssemblyReference.cache
C:\LightCal\Project\PsRemoteControl.dir\Debug\PsRemoteControl.write.1.tlog
C:\LightCal\Project\PsRemoteControl.dir\Debug\PsRemoteControl_manifest.rc
C:\LightCal\Project\PsRemoteControl.dir\Debug\rc.command.1.tlog
C:\LightCal\Project\PsRemoteControl.dir\Debug\rc.read.1.tlog
C:\LightCal\Project\PsRemoteControl.dir\Debug\rc.write.1.tlog
C:\LIGHTCAL\PROJECT\PSREMOTECONTROL.DIR\DEBUG\SMU.OBJ
C:\LIGHTCAL\PROJECT\PSREMOTECONTROL.DIR\DEBUG\STARTSTOP.OBJ
C:\LIGHTCAL\PROJECT\PSREMOTECONTROL.DIR\DEBUG\VC100.PDB
C:\LIGHTCAL\PROJECT\TARGET\DEBUG\PSREMOTECONTROL.EXE
C:\LIGHTCAL\PROJECT\TARGET\DEBUG\PSREMOTECONTROL.ILK
C:\LIGHTCAL\PROJECT\TARGET\DEBUG\PSREMOTECONTROL.PDB
C:\LIGHTCAL\PROJECT\UI_SERVER_UI.H
